Running: d:\Xilinx\14.7\ISE_DS\ISE\bin\nt64\unwrapped\fuse.exe -intstyle ise -incremental -lib unisims_ver -lib unimacro_ver -lib xilinxcorelib_ver -lib secureip -o C:/Users/49530/Desktop/ISE/NewLab9/Addsub4b_Addsub4b_sch_tb_isim_beh.exe -prj C:/Users/49530/Desktop/ISE/NewLab9/Addsub4b_Addsub4b_sch_tb_beh.prj work.Addsub4b_Addsub4b_sch_tb work.glbl 
ISim P.20131013 (signature 0x7708f090)
Number of CPUs detected in this system: 8
Turning on mult-threading, number of parallel sub-compilation jobs: 16 
Determining compilation order of HDL files
Analyzing Verilog file "C:/Users/49530/Desktop/ISE/NewLab9/NewAddsub1b.vf" into library work
Analyzing Verilog file "C:/Users/49530/Desktop/ISE/NewLab9/Addsub4b.vf" into library work
Analyzing Verilog file "C:/Users/49530/Desktop/ISE/NewLab9/Addsub4b_sim.v" into library work
Analyzing Verilog file "C:/Users/49530/Desktop/ISE/NewLab9/Addsub1b.vf" into library work
Analyzing Verilog file "d:/Xilinx/14.7/ISE_DS/ISE//verilog/src/glbl.v" into library work
Starting static elaboration
Completed static elaboration
Compiling module XOR2
Compiling module OR2
Compiling module AND2
Compiling module NewAddsub1b_MUSER_Addsub4b
Compiling module Addsub4b
Compiling module Addsub4b_Addsub4b_sch_tb
Compiling module glbl
Time Resolution for simulation is 1ps.
Waiting for 1 sub-compilation(s) to finish...
WARNING:Simulator - Unable to copy libPortabilityNOSH.dll to the simulation executable directory: boost::filesystem::copy_file: ???????????, "isim\Addsub4b_Addsub4b_sch_tb_isim_beh.exe.sim\libPortability.dll".
Compiled 7 Verilog Units
Built simulation executable C:/Users/49530/Desktop/ISE/NewLab9/Addsub4b_Addsub4b_sch_tb_isim_beh.exe
Fuse Memory Usage: 27044 KB
Fuse CPU Usage: 515 ms
