Running: d:\Xilinx\14.7\ISE_DS\ISE\bin\nt64\unwrapped\fuse.exe -intstyle ise -incremental -lib unisims_ver -lib unimacro_ver -lib xilinxcorelib_ver -lib secureip -o C:/Users/49530/Desktop/ISE/Lab10/D_FlipFlop_D_FlipFlop_sch_tb_isim_beh.exe -prj C:/Users/49530/Desktop/ISE/Lab10/D_FlipFlop_D_FlipFlop_sch_tb_beh.prj work.D_FlipFlop_D_FlipFlop_sch_tb work.glbl 
ISim P.20131013 (signature 0x7708f090)
Number of CPUs detected in this system: 8
Turning on mult-threading, number of parallel sub-compilation jobs: 16 
Determining compilation order of HDL files
Analyzing Verilog file "C:/Users/49530/Desktop/ISE/Lab10/D_FlipFlop.vf" into library work
Analyzing Verilog file "C:/Users/49530/Desktop/ISE/Lab10/D_FlipFlop_sim.v" into library work
Analyzing Verilog file "d:/Xilinx/14.7/ISE_DS/ISE//verilog/src/glbl.v" into library work
Starting static elaboration
Completed static elaboration
Compiling module NAND3
Compiling module D_FlipFlop
Compiling module D_FlipFlop_D_FlipFlop_sch_tb
Compiling module glbl
Time Resolution for simulation is 1ps.
Waiting for 1 sub-compilation(s) to finish...
WARNING:Simulator - Unable to copy libPortabilityNOSH.dll to the simulation executable directory: boost::filesystem::copy_file: ???????????, "isim\D_FlipFlop_D_FlipFlop_sch_tb_isim_beh.exe.sim\libPortability.dll".
Compiled 4 Verilog Units
Built simulation executable C:/Users/49530/Desktop/ISE/Lab10/D_FlipFlop_D_FlipFlop_sch_tb_isim_beh.exe
Fuse Memory Usage: 28052 KB
Fuse CPU Usage: 265 ms
