Release 14.7 - xst P.20131013 (nt64)
Copyright (c) 1995-2013 Xilinx, Inc.  All rights reserved.
--> Parameter TMPDIR set to xst/projnav.tmp


Total REAL time to Xst completion: 0.00 secs
Total CPU time to Xst completion: 0.13 secs
 
--> Parameter xsthdpdir set to xst


Total REAL time to Xst completion: 0.00 secs
Total CPU time to Xst completion: 0.13 secs
 
--> Reading design: Top.prj

TABLE OF CONTENTS
  1) Synthesis Options Summary
  2) HDL Parsing
  3) HDL Elaboration
  4) HDL Synthesis
       4.1) HDL Synthesis Report
  5) Advanced HDL Synthesis
       5.1) Advanced HDL Synthesis Report
  6) Low Level Synthesis
  7) Partition Report
  8) Design Summary
       8.1) Primitive and Black Box Usage
       8.2) Device utilization summary
       8.3) Partition Resource Summary
       8.4) Timing Report
            8.4.1) Clock Information
            8.4.2) Asynchronous Control Signals Information
            8.4.3) Timing Summary
            8.4.4) Timing Details
            8.4.5) Cross Clock Domains Report


=========================================================================
*                      Synthesis Options Summary                        *
=========================================================================
---- Source Parameters
Input File Name                    : "Top.prj"
Ignore Synthesis Constraint File   : NO

---- Target Parameters
Output File Name                   : "Top"
Output Format                      : NGC
Target Device                      : xc7k160t-1-ffg676

---- Source Options
Top Module Name                    : Top
Automatic FSM Extraction           : YES
FSM Encoding Algorithm             : Auto
Safe Implementation                : No
FSM Style                          : LUT
RAM Extraction                     : Yes
RAM Style                          : Auto
ROM Extraction                     : Yes
Shift Register Extraction          : YES
ROM Style                          : Auto
Resource Sharing                   : YES
Asynchronous To Synchronous        : NO
Shift Register Minimum Size        : 2
Use DSP Block                      : Auto
Automatic Register Balancing       : No

---- Target Options
LUT Combining                      : Auto
Reduce Control Sets                : Auto
Add IO Buffers                     : YES
Global Maximum Fanout              : 100000
Add Generic Clock Buffer(BUFG)     : 32
Register Duplication               : YES
Optimize Instantiated Primitives   : NO
Use Clock Enable                   : Auto
Use Synchronous Set                : Auto
Use Synchronous Reset              : Auto
Pack IO Registers into IOBs        : Auto
Equivalent register Removal        : YES

---- General Options
Optimization Goal                  : Speed
Optimization Effort                : 1
Power Reduction                    : NO
Keep Hierarchy                     : No
Netlist Hierarchy                  : As_Optimized
RTL Output                         : Yes
Global Optimization                : AllClockNets
Read Cores                         : YES
Write Timing Constraints           : NO
Cross Clock Analysis               : NO
Hierarchy Separator                : /
Bus Delimiter                      : <>
Case Specifier                     : Maintain
Slice Utilization Ratio            : 100
BRAM Utilization Ratio             : 100
DSP48 Utilization Ratio            : 100
Auto BRAM Packing                  : NO
Slice Utilization Ratio Delta      : 5

=========================================================================


=========================================================================
*                          HDL Parsing                                  *
=========================================================================
Analyzing Verilog file "C:\Users\49530\Desktop\ISE\Lab11MyRevCounter\Mux4to1b4_sch.vf" into library work
Parsing module <Mux4to1b4_sch>.
Analyzing Verilog file "C:\Users\49530\Desktop\ISE\Lab11MyRevCounter\RevCounter_16b.v" into library work
Parsing module <RevCounter_16b>.
Analyzing Verilog file "C:\Users\49530\Desktop\ISE\Lab11MyRevCounter\MyMC14495.vf" into library work
Parsing module <MyMC14495>.
Analyzing Verilog file "C:\Users\49530\Desktop\ISE\Lab11MyRevCounter\DispSync_Lab11.vf" into library work
Parsing module <INV4_HXILINX_DispSync_Lab11>.
Parsing module <M4_1E_HXILINX_DispSync_Lab11>.
Parsing module <D2_4E_HXILINX_DispSync_Lab11>.
Parsing module <Mux4to1b4_sch_MUSER_DispSync_Lab11>.
Parsing module <DispSync_Lab11>.
Analyzing Verilog file "C:\Users\49530\Desktop\ISE\Lab11MyRevCounter\clkdiv_scan.v" into library work
Parsing module <clkdiv_scan>.
Analyzing Verilog file "C:\Users\49530\Desktop\ISE\Lab11MyRevCounter\clkdiv_100ms.v" into library work
Parsing module <clkdiv_100ms>.
Analyzing Verilog file "C:\Users\49530\Desktop\ISE\Lab11MyRevCounter\Top.v" into library work
Parsing module <Top>.

=========================================================================
*                            HDL Elaboration                            *
=========================================================================
WARNING:HDLCompiler:1016 - "C:\Users\49530\Desktop\ISE\Lab11MyRevCounter\Top.v" Line 40: Port Point is not connected to this instance
WARNING:HDLCompiler:1016 - "C:\Users\49530\Desktop\ISE\Lab11MyRevCounter\Top.v" Line 41: Port point is not connected to this instance

Elaborating module <Top>.

Elaborating module <clkdiv_scan>.

Elaborating module <clkdiv_100ms>.

Elaborating module <RevCounter_16b>.
WARNING:HDLCompiler:413 - "C:\Users\49530\Desktop\ISE\Lab11MyRevCounter\RevCounter_16b.v" Line 29: Result of 17-bit expression is truncated to fit in 16-bit target.
WARNING:HDLCompiler:413 - "C:\Users\49530\Desktop\ISE\Lab11MyRevCounter\RevCounter_16b.v" Line 31: Result of 32-bit expression is truncated to fit in 16-bit target.

Elaborating module <DispSync_Lab11>.

Elaborating module <M4_1E_HXILINX_DispSync_Lab11>.

Elaborating module <VCC>.

Elaborating module <D2_4E_HXILINX_DispSync_Lab11>.

Elaborating module <INV4_HXILINX_DispSync_Lab11>.

Elaborating module <Mux4to1b4_sch_MUSER_DispSync_Lab11>.

Elaborating module <INV>.

Elaborating module <AND2>.

Elaborating module <OR4>.

Elaborating module <MyMC14495>.

Elaborating module <AND4>.

Elaborating module <AND3>.

Elaborating module <OR3>.

Elaborating module <OR2>.
WARNING:HDLCompiler:552 - "C:\Users\49530\Desktop\ISE\Lab11MyRevCounter\Top.v" Line 40: Input port Point[3] is not connected on this instance
WARNING:HDLCompiler:552 - "C:\Users\49530\Desktop\ISE\Lab11MyRevCounter\Top.v" Line 41: Input port point is not connected on this instance

=========================================================================
*                           HDL Synthesis                               *
=========================================================================

Synthesizing Unit <Top>.
    Related source file is "C:\Users\49530\Desktop\ISE\Lab11MyRevCounter\Top.v".
WARNING:Xst:2898 - Port 'Point', unconnected in block instance 'c3', is tied to GND.
INFO:Xst:3210 - "C:\Users\49530\Desktop\ISE\Lab11MyRevCounter\Top.v" line 40: Output port <p> of the instance <c3> is unconnected or connected to loadless signal.
INFO:Xst:3210 - "C:\Users\49530\Desktop\ISE\Lab11MyRevCounter\Top.v" line 41: Output port <p> of the instance <c4> is unconnected or connected to loadless signal.
    Summary:
	no macro.
Unit <Top> synthesized.

Synthesizing Unit <clkdiv_scan>.
    Related source file is "C:\Users\49530\Desktop\ISE\Lab11MyRevCounter\clkdiv_scan.v".
    Found 32-bit register for signal <clkdiv>.
    Found 32-bit adder for signal <clkdiv[31]_GND_2_o_add_0_OUT> created at line 29.
    Summary:
	inferred   1 Adder/Subtractor(s).
	inferred  32 D-type flip-flop(s).
Unit <clkdiv_scan> synthesized.

Synthesizing Unit <clkdiv_100ms>.
    Related source file is "C:\Users\49530\Desktop\ISE\Lab11MyRevCounter\clkdiv_100ms.v".
    Found 1-bit register for signal <clk_100ms>.
    Found 32-bit register for signal <cnt>.
    Found 32-bit adder for signal <cnt[31]_GND_3_o_add_2_OUT> created at line 27.
    Found 32-bit comparator greater for signal <cnt[31]_GND_3_o_LessThan_2_o> created at line 26
    Summary:
	inferred   1 Adder/Subtractor(s).
	inferred  33 D-type flip-flop(s).
	inferred   1 Comparator(s).
Unit <clkdiv_100ms> synthesized.

Synthesizing Unit <RevCounter_16b>.
    Related source file is "C:\Users\49530\Desktop\ISE\Lab11MyRevCounter\RevCounter_16b.v".
    Found 16-bit register for signal <cnt>.
    Found 16-bit adder for signal <cnt[15]_GND_4_o_add_3_OUT> created at line 29.
    Found 16-bit subtractor for signal <GND_4_o_GND_4_o_sub_5_OUT<15:0>> created at line 31.
    Summary:
	inferred   1 Adder/Subtractor(s).
	inferred  16 D-type flip-flop(s).
Unit <RevCounter_16b> synthesized.

Synthesizing Unit <DispSync_Lab11>.
    Related source file is "C:\Users\49530\Desktop\ISE\Lab11MyRevCounter\DispSync_Lab11.vf".
    Set property "HU_SET = XLXI_1_0" for instance <XLXI_1>.
    Set property "HU_SET = XLXI_5_1" for instance <XLXI_5>.
    Set property "HU_SET = XLXI_8_2" for instance <XLXI_8>.
    Summary:
	no macro.
Unit <DispSync_Lab11> synthesized.

Synthesizing Unit <M4_1E_HXILINX_DispSync_Lab11>.
    Related source file is "C:\Users\49530\Desktop\ISE\Lab11MyRevCounter\DispSync_Lab11.vf".
    Found 1-bit 4-to-1 multiplexer for signal <S1_D3_Mux_0_o> created at line 65.
    Summary:
	inferred   2 Multiplexer(s).
Unit <M4_1E_HXILINX_DispSync_Lab11> synthesized.

Synthesizing Unit <D2_4E_HXILINX_DispSync_Lab11>.
    Related source file is "C:\Users\49530\Desktop\ISE\Lab11MyRevCounter\DispSync_Lab11.vf".
    Summary:
	inferred   4 Multiplexer(s).
Unit <D2_4E_HXILINX_DispSync_Lab11> synthesized.

Synthesizing Unit <INV4_HXILINX_DispSync_Lab11>.
    Related source file is "C:\Users\49530\Desktop\ISE\Lab11MyRevCounter\DispSync_Lab11.vf".
    Summary:
	no macro.
Unit <INV4_HXILINX_DispSync_Lab11> synthesized.

Synthesizing Unit <Mux4to1b4_sch_MUSER_DispSync_Lab11>.
    Related source file is "C:\Users\49530\Desktop\ISE\Lab11MyRevCounter\DispSync_Lab11.vf".
    Summary:
	no macro.
Unit <Mux4to1b4_sch_MUSER_DispSync_Lab11> synthesized.

Synthesizing Unit <MyMC14495>.
    Related source file is "C:\Users\49530\Desktop\ISE\Lab11MyRevCounter\MyMC14495.vf".
    Summary:
	no macro.
Unit <MyMC14495> synthesized.

=========================================================================
HDL Synthesis Report

Macro Statistics
# Adders/Subtractors                                   : 3
 16-bit addsub                                         : 1
 32-bit adder                                          : 2
# Registers                                            : 4
 1-bit register                                        : 1
 16-bit register                                       : 1
 32-bit register                                       : 2
# Comparators                                          : 1
 32-bit comparator greater                             : 1
# Multiplexers                                         : 6
 1-bit 2-to-1 multiplexer                              : 5
 1-bit 4-to-1 multiplexer                              : 1

=========================================================================

=========================================================================
*                       Advanced HDL Synthesis                          *
=========================================================================

WARNING:Xst:1290 - Hierarchical block <XLXI_1> is unconnected in block <c3>.
   It will be removed from the design.

Synthesizing (advanced) Unit <RevCounter_16b>.
The following registers are absorbed into counter <cnt>: 1 register on signal <cnt>.
Unit <RevCounter_16b> synthesized (advanced).

Synthesizing (advanced) Unit <clkdiv_100ms>.
The following registers are absorbed into counter <cnt>: 1 register on signal <cnt>.
Unit <clkdiv_100ms> synthesized (advanced).

Synthesizing (advanced) Unit <clkdiv_scan>.
The following registers are absorbed into counter <clkdiv>: 1 register on signal <clkdiv>.
Unit <clkdiv_scan> synthesized (advanced).

=========================================================================
Advanced HDL Synthesis Report

Macro Statistics
# Counters                                             : 3
 16-bit updown counter                                 : 1
 32-bit up counter                                     : 2
# Registers                                            : 1
 Flip-Flops                                            : 1
# Comparators                                          : 1
 32-bit comparator greater                             : 1
# Multiplexers                                         : 6
 1-bit 2-to-1 multiplexer                              : 5
 1-bit 4-to-1 multiplexer                              : 1

=========================================================================

=========================================================================
*                         Low Level Synthesis                           *
=========================================================================
WARNING:Xst:2973 - All outputs of instance <c3/XLXI_1> of block <M4_1E_HXILINX_DispSync_Lab11> are unconnected in block <Top>. Underlying logic will be removed.
WARNING:Xst:2677 - Node <c0/clkdiv_19> of sequential type is unconnected in block <Top>.
WARNING:Xst:2677 - Node <c0/clkdiv_20> of sequential type is unconnected in block <Top>.
WARNING:Xst:2677 - Node <c0/clkdiv_21> of sequential type is unconnected in block <Top>.
WARNING:Xst:2677 - Node <c0/clkdiv_22> of sequential type is unconnected in block <Top>.
WARNING:Xst:2677 - Node <c0/clkdiv_23> of sequential type is unconnected in block <Top>.
WARNING:Xst:2677 - Node <c0/clkdiv_24> of sequential type is unconnected in block <Top>.
WARNING:Xst:2677 - Node <c0/clkdiv_25> of sequential type is unconnected in block <Top>.
WARNING:Xst:2677 - Node <c0/clkdiv_26> of sequential type is unconnected in block <Top>.
WARNING:Xst:2677 - Node <c0/clkdiv_27> of sequential type is unconnected in block <Top>.
WARNING:Xst:2677 - Node <c0/clkdiv_28> of sequential type is unconnected in block <Top>.
WARNING:Xst:2677 - Node <c0/clkdiv_29> of sequential type is unconnected in block <Top>.
WARNING:Xst:2677 - Node <c0/clkdiv_30> of sequential type is unconnected in block <Top>.
WARNING:Xst:2677 - Node <c0/clkdiv_31> of sequential type is unconnected in block <Top>.

Optimizing unit <Mux4to1b4_sch_MUSER_DispSync_Lab11> ...

Optimizing unit <MyMC14495> ...

Optimizing unit <Top> ...

Optimizing unit <D2_4E_HXILINX_DispSync_Lab11> ...

Optimizing unit <INV4_HXILINX_DispSync_Lab11> ...

Mapping all equations...
Building and optimizing final netlist ...
Found area constraint ratio of 100 (+ 5) on block Top, actual ratio is 0.

Final Macro Processing ...

=========================================================================
Final Register Report

Macro Statistics
# Registers                                            : 68
 Flip-Flops                                            : 68

=========================================================================

=========================================================================
*                           Partition Report                            *
=========================================================================

Partition Implementation Status
-------------------------------

  No Partitions were found in this design.

-------------------------------

=========================================================================
*                            Design Summary                             *
=========================================================================

Top Level Output File Name         : Top.ngc

Primitive and Black Box Usage:
------------------------------
# BELS                             : 300
#      AND2                        : 21
#      AND3                        : 11
#      AND4                        : 9
#      GND                         : 1
#      INV                         : 15
#      LUT1                        : 49
#      LUT2                        : 21
#      LUT4                        : 2
#      LUT5                        : 10
#      LUT6                        : 5
#      MUXCY                       : 70
#      OR2                         : 7
#      OR3                         : 3
#      OR4                         : 8
#      VCC                         : 1
#      XORCY                       : 67
# FlipFlops/Latches                : 68
#      FD                          : 36
#      FDR                         : 32
# Clock Buffers                    : 1
#      BUFGP                       : 1
# IO Buffers                       : 13
#      IBUF                        : 1
#      OBUF                        : 12

Device utilization summary:
---------------------------

Selected Device : 7k160tffg676-1 


Slice Logic Utilization: 
 Number of Slice Registers:              68  out of  202800     0%  
 Number of Slice LUTs:                  102  out of  101400     0%  
    Number used as Logic:               102  out of  101400     0%  

Slice Logic Distribution: 
 Number of LUT Flip Flop pairs used:    102
   Number with an unused Flip Flop:      34  out of    102    33%  
   Number with an unused LUT:             0  out of    102     0%  
   Number of fully used LUT-FF pairs:    68  out of    102    66%  
   Number of unique control sets:         3

IO Utilization: 
 Number of IOs:                          14
 Number of bonded IOBs:                  14  out of    400     3%  

Specific Feature Utilization:
 Number of BUFG/BUFGCTRLs:                1  out of     32     3%  

---------------------------
Partition Resource Summary:
---------------------------

  No Partitions were found in this design.

---------------------------


=========================================================================
Timing Report

NOTE: THESE TIMING NUMBERS ARE ONLY A SYNTHESIS ESTIMATE.
      FOR ACCURATE TIMING INFORMATION PLEASE REFER TO THE TRACE REPORT
      GENERATED AFTER PLACE-and-ROUTE.

Clock Information:
------------------
-----------------------------------+------------------------+-------+
Clock Signal                       | Clock buffer(FF name)  | Load  |
-----------------------------------+------------------------+-------+
clk                                | BUFGP                  | 52    |
c1/clk_100ms                       | NONE(c2/cnt_0)         | 16    |
-----------------------------------+------------------------+-------+
INFO:Xst:2169 - HDL ADVISOR - Some clock signals were not automatically buffered by XST with BUFG/BUFR resources. Please use the buffer_type constraint in order to insert these buffers to the clock signals to help prevent skew problems.

Asynchronous Control Signals Information:
----------------------------------------
No asynchronous control signals found in this design

Timing Summary:
---------------
Speed Grade: -1

   Minimum period: 2.506ns (Maximum Frequency: 399.082MHz)
   Minimum input arrival time before clock: 1.540ns
   Maximum output required time after clock: 7.207ns
   Maximum combinational path delay: 2.074ns

Timing Details:
---------------
All values displayed in nanoseconds (ns)

=========================================================================
Timing constraint: Default period analysis for Clock 'clk'
  Clock period: 2.506ns (frequency: 399.082MHz)
  Total number of paths / destination ports: 2369 / 84
-------------------------------------------------------------------------
Delay:               2.506ns (Levels of Logic = 7)
  Source:            c1/cnt_7 (FF)
  Destination:       c1/cnt_0 (FF)
  Source Clock:      clk rising
  Destination Clock: clk rising

  Data Path: c1/cnt_7 to c1/cnt_0
                                Gate     Net
    Cell:in->out      fanout   Delay   Delay  Logical Name (Net Name)
    ----------------------------------------  ------------
     FDR:C->Q              3   0.282   0.739  c1/cnt_7 (c1/cnt_7)
     LUT5:I0->O            1   0.053   0.000  c1/Mcompar_cnt[31]_GND_3_o_LessThan_2_o_lut<0> (c1/Mcompar_cnt[31]_GND_3_o_LessThan_2_o_lut<0>)
     MUXCY:S->O            1   0.291   0.000  c1/Mcompar_cnt[31]_GND_3_o_LessThan_2_o_cy<0> (c1/Mcompar_cnt[31]_GND_3_o_LessThan_2_o_cy<0>)
     MUXCY:CI->O           1   0.015   0.000  c1/Mcompar_cnt[31]_GND_3_o_LessThan_2_o_cy<1> (c1/Mcompar_cnt[31]_GND_3_o_LessThan_2_o_cy<1>)
     MUXCY:CI->O           1   0.015   0.000  c1/Mcompar_cnt[31]_GND_3_o_LessThan_2_o_cy<2> (c1/Mcompar_cnt[31]_GND_3_o_LessThan_2_o_cy<2>)
     MUXCY:CI->O           1   0.015   0.000  c1/Mcompar_cnt[31]_GND_3_o_LessThan_2_o_cy<3> (c1/Mcompar_cnt[31]_GND_3_o_LessThan_2_o_cy<3>)
     MUXCY:CI->O           1   0.015   0.000  c1/Mcompar_cnt[31]_GND_3_o_LessThan_2_o_cy<4> (c1/Mcompar_cnt[31]_GND_3_o_LessThan_2_o_cy<4>)
     MUXCY:CI->O          33   0.204   0.552  c1/Mcompar_cnt[31]_GND_3_o_LessThan_2_o_cy<5> (c1/Mcompar_cnt[31]_GND_3_o_LessThan_2_o_cy<5>)
     FDR:R                     0.325          c1/cnt_0
    ----------------------------------------
    Total                      2.506ns (1.215ns logic, 1.291ns route)
                                       (48.5% logic, 51.5% route)

=========================================================================
Timing constraint: Default period analysis for Clock 'c1/clk_100ms'
  Clock period: 1.672ns (frequency: 598.086MHz)
  Total number of paths / destination ports: 256 / 16
-------------------------------------------------------------------------
Delay:               1.672ns (Levels of Logic = 17)
  Source:            c2/cnt_0 (FF)
  Destination:       c2/cnt_15 (FF)
  Source Clock:      c1/clk_100ms rising
  Destination Clock: c1/clk_100ms rising

  Data Path: c2/cnt_0 to c2/cnt_15
                                Gate     Net
    Cell:in->out      fanout   Delay   Delay  Logical Name (Net Name)
    ----------------------------------------  ------------
     FD:C->Q               4   0.282   0.505  c2/cnt_0 (c2/cnt_0)
     LUT2:I0->O            1   0.053   0.000  c2/Mcount_cnt_lut<0> (c2/Mcount_cnt_lut<0>)
     MUXCY:S->O            1   0.291   0.000  c2/Mcount_cnt_cy<0> (c2/Mcount_cnt_cy<0>)
     MUXCY:CI->O           1   0.015   0.000  c2/Mcount_cnt_cy<1> (c2/Mcount_cnt_cy<1>)
     MUXCY:CI->O           1   0.015   0.000  c2/Mcount_cnt_cy<2> (c2/Mcount_cnt_cy<2>)
     MUXCY:CI->O           1   0.015   0.000  c2/Mcount_cnt_cy<3> (c2/Mcount_cnt_cy<3>)
     MUXCY:CI->O           1   0.015   0.000  c2/Mcount_cnt_cy<4> (c2/Mcount_cnt_cy<4>)
     MUXCY:CI->O           1   0.015   0.000  c2/Mcount_cnt_cy<5> (c2/Mcount_cnt_cy<5>)
     MUXCY:CI->O           1   0.015   0.000  c2/Mcount_cnt_cy<6> (c2/Mcount_cnt_cy<6>)
     MUXCY:CI->O           1   0.015   0.000  c2/Mcount_cnt_cy<7> (c2/Mcount_cnt_cy<7>)
     MUXCY:CI->O           1   0.015   0.000  c2/Mcount_cnt_cy<8> (c2/Mcount_cnt_cy<8>)
     MUXCY:CI->O           1   0.015   0.000  c2/Mcount_cnt_cy<9> (c2/Mcount_cnt_cy<9>)
     MUXCY:CI->O           1   0.015   0.000  c2/Mcount_cnt_cy<10> (c2/Mcount_cnt_cy<10>)
     MUXCY:CI->O           1   0.015   0.000  c2/Mcount_cnt_cy<11> (c2/Mcount_cnt_cy<11>)
     MUXCY:CI->O           1   0.015   0.000  c2/Mcount_cnt_cy<12> (c2/Mcount_cnt_cy<12>)
     MUXCY:CI->O           1   0.015   0.000  c2/Mcount_cnt_cy<13> (c2/Mcount_cnt_cy<13>)
     MUXCY:CI->O           0   0.015   0.000  c2/Mcount_cnt_cy<14> (c2/Mcount_cnt_cy<14>)
     XORCY:CI->O           1   0.320   0.000  c2/Mcount_cnt_xor<15> (Result<15>1)
     FD:D                      0.011          c2/cnt_15
    ----------------------------------------
    Total                      1.672ns (1.167ns logic, 0.505ns route)
                                       (69.8% logic, 30.2% route)

=========================================================================
Timing constraint: Default OFFSET IN BEFORE for Clock 'c1/clk_100ms'
  Total number of paths / destination ports: 152 / 16
-------------------------------------------------------------------------
Offset:              1.540ns (Levels of Logic = 18)
  Source:            sw (PAD)
  Destination:       c2/cnt_15 (FF)
  Destination Clock: c1/clk_100ms rising

  Data Path: sw to c2/cnt_15
                                Gate     Net
    Cell:in->out      fanout   Delay   Delay  Logical Name (Net Name)
    ----------------------------------------  ------------
     IBUF:I->O            19   0.000   0.518  sw_IBUF (sw_IBUF)
     INV:I->O              1   0.067   0.399  sw_inv2_INV_0 (sw_inv)
     MUXCY:CI->O           1   0.015   0.000  c2/Mcount_cnt_cy<0> (c2/Mcount_cnt_cy<0>)
     MUXCY:CI->O           1   0.015   0.000  c2/Mcount_cnt_cy<1> (c2/Mcount_cnt_cy<1>)
     MUXCY:CI->O           1   0.015   0.000  c2/Mcount_cnt_cy<2> (c2/Mcount_cnt_cy<2>)
     MUXCY:CI->O           1   0.015   0.000  c2/Mcount_cnt_cy<3> (c2/Mcount_cnt_cy<3>)
     MUXCY:CI->O           1   0.015   0.000  c2/Mcount_cnt_cy<4> (c2/Mcount_cnt_cy<4>)
     MUXCY:CI->O           1   0.015   0.000  c2/Mcount_cnt_cy<5> (c2/Mcount_cnt_cy<5>)
     MUXCY:CI->O           1   0.015   0.000  c2/Mcount_cnt_cy<6> (c2/Mcount_cnt_cy<6>)
     MUXCY:CI->O           1   0.015   0.000  c2/Mcount_cnt_cy<7> (c2/Mcount_cnt_cy<7>)
     MUXCY:CI->O           1   0.015   0.000  c2/Mcount_cnt_cy<8> (c2/Mcount_cnt_cy<8>)
     MUXCY:CI->O           1   0.015   0.000  c2/Mcount_cnt_cy<9> (c2/Mcount_cnt_cy<9>)
     MUXCY:CI->O           1   0.015   0.000  c2/Mcount_cnt_cy<10> (c2/Mcount_cnt_cy<10>)
     MUXCY:CI->O           1   0.015   0.000  c2/Mcount_cnt_cy<11> (c2/Mcount_cnt_cy<11>)
     MUXCY:CI->O           1   0.015   0.000  c2/Mcount_cnt_cy<12> (c2/Mcount_cnt_cy<12>)
     MUXCY:CI->O           1   0.015   0.000  c2/Mcount_cnt_cy<13> (c2/Mcount_cnt_cy<13>)
     MUXCY:CI->O           0   0.015   0.000  c2/Mcount_cnt_cy<14> (c2/Mcount_cnt_cy<14>)
     XORCY:CI->O           1   0.320   0.000  c2/Mcount_cnt_xor<15> (Result<15>1)
     FD:D                      0.011          c2/cnt_15
    ----------------------------------------
    Total                      1.540ns (0.623ns logic, 0.917ns route)
                                       (40.5% logic, 59.5% route)

=========================================================================
Timing constraint: Default OFFSET OUT AFTER for Clock 'c1/clk_100ms'
  Total number of paths / destination ports: 376 / 8
-------------------------------------------------------------------------
Offset:              5.571ns (Levels of Logic = 7)
  Source:            c2/cnt_5 (FF)
  Destination:       segment<5> (PAD)
  Source Clock:      c1/clk_100ms rising

  Data Path: c2/cnt_5 to segment<5>
                                Gate     Net
    Cell:in->out      fanout   Delay   Delay  Logical Name (Net Name)
    ----------------------------------------  ------------
     FD:C->Q               4   0.282   0.759  c2/cnt_5 (c2/cnt_5)
     AND2:I0->O            1   0.053   0.739  c3/XLXI_9/XLXI_14 (c3/XLXI_9/XLXN_73)
     OR4:I0->O            11   0.053   0.465  c3/XLXI_9/XLXI_40 (HEX<1>)
     INV:I->O              8   0.393   0.771  c4/XLXI_46 (c4/XLXN_11)
     AND4:I1->O            2   0.067   0.608  c4/XLXI_1 (c4/XLXN_32)
     OR4:I3->O             1   0.190   0.725  c4/XLXI_55 (c4/XLXN_43)
     OR2:I1->O             1   0.067   0.399  c4/XLXI_63 (segment_0_OBUF)
     OBUF:I->O                 0.000          segment_0_OBUF (segment<0>)
    ----------------------------------------
    Total                      5.571ns (1.105ns logic, 4.466ns route)
                                       (19.8% logic, 80.2% route)

=========================================================================
Timing constraint: Default OFFSET OUT AFTER for Clock 'clk'
  Total number of paths / destination ports: 696 / 11
-------------------------------------------------------------------------
Offset:              7.207ns (Levels of Logic = 9)
  Source:            c0/clkdiv_17 (FF)
  Destination:       segment<3> (PAD)
  Source Clock:      clk rising

  Data Path: c0/clkdiv_17 to segment<3>
                                Gate     Net
    Cell:in->out      fanout   Delay   Delay  Logical Name (Net Name)
    ----------------------------------------  ------------
     FD:C->Q               8   0.282   0.445  c0/clkdiv_17 (c0/clkdiv_17)
     INV:I->O              2   0.393   0.731  c3/XLXI_9/XLXI_1 (c3/XLXI_9/XLXN_5)
     AND2:I1->O            4   0.067   0.745  c3/XLXI_9/XLXI_5 (c3/XLXI_9/XLXN_13)
     AND2:I1->O            1   0.067   0.725  c3/XLXI_9/XLXI_13 (c3/XLXI_9/XLXN_72)
     OR4:I1->O            11   0.067   0.465  c3/XLXI_9/XLXI_40 (HEX<1>)
     INV:I->O              8   0.393   0.771  c4/XLXI_46 (c4/XLXN_11)
     AND4:I1->O            2   0.067   0.608  c4/XLXI_1 (c4/XLXN_32)
     OR4:I3->O             1   0.190   0.725  c4/XLXI_55 (c4/XLXN_43)
     OR2:I1->O             1   0.067   0.399  c4/XLXI_63 (segment_0_OBUF)
     OBUF:I->O                 0.000          segment_0_OBUF (segment<0>)
    ----------------------------------------
    Total                      7.207ns (1.593ns logic, 5.614ns route)
                                       (22.1% logic, 77.9% route)

=========================================================================
Timing constraint: Default path analysis
  Total number of paths / destination ports: 2 / 1
-------------------------------------------------------------------------
Delay:               2.074ns (Levels of Logic = 4)
  Source:            sw (PAD)
  Destination:       Rc (PAD)

  Data Path: sw to Rc
                                Gate     Net
    Cell:in->out      fanout   Delay   Delay  Logical Name (Net Name)
    ----------------------------------------  ------------
     IBUF:I->O            19   0.000   0.844  sw_IBUF (sw_IBUF)
     LUT6:I1->O            1   0.053   0.725  c2/Rc3 (c2/Rc2)
     LUT6:I1->O            1   0.053   0.399  c2/Rc7 (Rc_OBUF)
     OBUF:I->O                 0.000          Rc_OBUF (Rc)
    ----------------------------------------
    Total                      2.074ns (0.106ns logic, 1.968ns route)
                                       (5.1% logic, 94.9% route)

=========================================================================

Cross Clock Domains Report:
--------------------------

Clock to Setup on destination clock c1/clk_100ms
---------------+---------+---------+---------+---------+
               | Src:Rise| Src:Fall| Src:Rise| Src:Fall|
Source Clock   |Dest:Rise|Dest:Rise|Dest:Fall|Dest:Fall|
---------------+---------+---------+---------+---------+
c1/clk_100ms   |    1.672|         |         |         |
---------------+---------+---------+---------+---------+

Clock to Setup on destination clock clk
---------------+---------+---------+---------+---------+
               | Src:Rise| Src:Fall| Src:Rise| Src:Fall|
Source Clock   |Dest:Rise|Dest:Rise|Dest:Fall|Dest:Fall|
---------------+---------+---------+---------+---------+
clk            |    2.506|         |         |         |
---------------+---------+---------+---------+---------+

=========================================================================


Total REAL time to Xst completion: 9.00 secs
Total CPU time to Xst completion: 9.09 secs
 
--> 

Total memory usage is 4618060 kilobytes

Number of errors   :    0 (   0 filtered)
Number of warnings :   22 (   0 filtered)
Number of infos    :    3 (   0 filtered)

