Release 14.7 - xst P.20131013 (nt64)
Copyright (c) 1995-2013 Xilinx, Inc.  All rights reserved.
--> Parameter TMPDIR set to xst/projnav.tmp


Total REAL time to Xst completion: 0.00 secs
Total CPU time to Xst completion: 0.09 secs
 
--> Parameter xsthdpdir set to xst


Total REAL time to Xst completion: 0.00 secs
Total CPU time to Xst completion: 0.09 secs
 
--> Reading design: Top.prj

TABLE OF CONTENTS
  1) Synthesis Options Summary
  2) HDL Parsing
  3) HDL Elaboration
  4) HDL Synthesis
       4.1) HDL Synthesis Report
  5) Advanced HDL Synthesis
       5.1) Advanced HDL Synthesis Report
  6) Low Level Synthesis
  7) Partition Report
  8) Design Summary
       8.1) Primitive and Black Box Usage
       8.2) Device utilization summary
       8.3) Partition Resource Summary
       8.4) Timing Report
            8.4.1) Clock Information
            8.4.2) Asynchronous Control Signals Information
            8.4.3) Timing Summary
            8.4.4) Timing Details
            8.4.5) Cross Clock Domains Report


=========================================================================
*                      Synthesis Options Summary                        *
=========================================================================
---- Source Parameters
Input File Name                    : "Top.prj"
Ignore Synthesis Constraint File   : NO

---- Target Parameters
Output File Name                   : "Top"
Output Format                      : NGC
Target Device                      : xc7k160t-1-ffg676

---- Source Options
Top Module Name                    : Top
Automatic FSM Extraction           : YES
FSM Encoding Algorithm             : Auto
Safe Implementation                : No
FSM Style                          : LUT
RAM Extraction                     : Yes
RAM Style                          : Auto
ROM Extraction                     : Yes
Shift Register Extraction          : YES
ROM Style                          : Auto
Resource Sharing                   : YES
Asynchronous To Synchronous        : NO
Shift Register Minimum Size        : 2
Use DSP Block                      : Auto
Automatic Register Balancing       : No

---- Target Options
LUT Combining                      : Auto
Reduce Control Sets                : Auto
Add IO Buffers                     : YES
Global Maximum Fanout              : 100000
Add Generic Clock Buffer(BUFG)     : 32
Register Duplication               : YES
Optimize Instantiated Primitives   : NO
Use Clock Enable                   : Auto
Use Synchronous Set                : Auto
Use Synchronous Reset              : Auto
Pack IO Registers into IOBs        : Auto
Equivalent register Removal        : YES

---- General Options
Optimization Goal                  : Speed
Optimization Effort                : 1
Power Reduction                    : NO
Keep Hierarchy                     : No
Netlist Hierarchy                  : As_Optimized
RTL Output                         : Yes
Global Optimization                : AllClockNets
Read Cores                         : YES
Write Timing Constraints           : NO
Cross Clock Analysis               : NO
Hierarchy Separator                : /
Bus Delimiter                      : <>
Case Specifier                     : Maintain
Slice Utilization Ratio            : 100
BRAM Utilization Ratio             : 100
DSP48 Utilization Ratio            : 100
Auto BRAM Packing                  : NO
Slice Utilization Ratio Delta      : 5

=========================================================================


=========================================================================
*                          HDL Parsing                                  *
=========================================================================
Analyzing Verilog file "C:\Users\49530\Desktop\ISE\Lab11MyCounter\MyMC14495.vf" into library work
Parsing module <MyMC14495>.
Analyzing Verilog file "C:\Users\49530\Desktop\ISE\Lab11MyCounter\counter_4b.v" into library work
Parsing module <counter_4b>.
Analyzing Verilog file "C:\Users\49530\Desktop\ISE\Lab11MyCounter\clkdiv_1s.v" into library work
Parsing module <clkdiv_1s>.
Analyzing Verilog file "C:\Users\49530\Desktop\ISE\Lab11MyCounter\Top.v" into library work
Parsing module <Top>.

=========================================================================
*                            HDL Elaboration                            *
=========================================================================
WARNING:HDLCompiler:1016 - "C:\Users\49530\Desktop\ISE\Lab11MyCounter\Top.v" Line 34: Port point is not connected to this instance

Elaborating module <Top>.

Elaborating module <clkdiv_1s>.

Elaborating module <counter_4b>.

Elaborating module <FD(INIT=1'b0)>.

Elaborating module <INV>.

Elaborating module <XNOR2>.

Elaborating module <NOR4>.

Elaborating module <NOR2>.

Elaborating module <NOR3>.

Elaborating module <MyMC14495>.

Elaborating module <AND4>.

Elaborating module <AND3>.

Elaborating module <AND2>.

Elaborating module <OR3>.

Elaborating module <OR4>.

Elaborating module <OR2>.
WARNING:HDLCompiler:552 - "C:\Users\49530\Desktop\ISE\Lab11MyCounter\Top.v" Line 34: Input port point is not connected on this instance

=========================================================================
*                           HDL Synthesis                               *
=========================================================================

Synthesizing Unit <Top>.
    Related source file is "C:\Users\49530\Desktop\ISE\Lab11MyCounter\Top.v".
INFO:Xst:3210 - "C:\Users\49530\Desktop\ISE\Lab11MyCounter\Top.v" line 34: Output port <p> of the instance <c3> is unconnected or connected to loadless signal.
    Summary:
	no macro.
Unit <Top> synthesized.

Synthesizing Unit <clkdiv_1s>.
    Related source file is "C:\Users\49530\Desktop\ISE\Lab11MyCounter\clkdiv_1s.v".
    Found 1-bit register for signal <clk_1s>.
    Found 32-bit register for signal <cnt>.
    Found 32-bit adder for signal <cnt[31]_GND_2_o_add_2_OUT> created at line 27.
    Found 32-bit comparator greater for signal <cnt[31]_GND_2_o_LessThan_2_o> created at line 26
    Summary:
	inferred   1 Adder/Subtractor(s).
	inferred  33 D-type flip-flop(s).
	inferred   1 Comparator(s).
Unit <clkdiv_1s> synthesized.

Synthesizing Unit <counter_4b>.
    Related source file is "C:\Users\49530\Desktop\ISE\Lab11MyCounter\counter_4b.v".
    Summary:
	no macro.
Unit <counter_4b> synthesized.

Synthesizing Unit <MyMC14495>.
    Related source file is "C:\Users\49530\Desktop\ISE\Lab11MyCounter\MyMC14495.vf".
    Summary:
	no macro.
Unit <MyMC14495> synthesized.

=========================================================================
HDL Synthesis Report

Macro Statistics
# Adders/Subtractors                                   : 1
 32-bit adder                                          : 1
# Registers                                            : 2
 1-bit register                                        : 1
 32-bit register                                       : 1
# Comparators                                          : 1
 32-bit comparator greater                             : 1

=========================================================================

=========================================================================
*                       Advanced HDL Synthesis                          *
=========================================================================


Synthesizing (advanced) Unit <clkdiv_1s>.
The following registers are absorbed into counter <cnt>: 1 register on signal <cnt>.
Unit <clkdiv_1s> synthesized (advanced).

=========================================================================
Advanced HDL Synthesis Report

Macro Statistics
# Counters                                             : 1
 32-bit up counter                                     : 1
# Registers                                            : 5
 Flip-Flops                                            : 5
# Comparators                                          : 1
 32-bit comparator greater                             : 1

=========================================================================

=========================================================================
*                         Low Level Synthesis                           *
=========================================================================

Optimizing unit <counter_4b> ...

Optimizing unit <MyMC14495> ...

Optimizing unit <Top> ...

Mapping all equations...
Building and optimizing final netlist ...
Found area constraint ratio of 100 (+ 5) on block Top, actual ratio is 0.

Final Macro Processing ...

=========================================================================
Final Register Report

Macro Statistics
# Registers                                            : 37
 Flip-Flops                                            : 37

=========================================================================

=========================================================================
*                           Partition Report                            *
=========================================================================

Partition Implementation Status
-------------------------------

  No Partitions were found in this design.

-------------------------------

=========================================================================
*                            Design Summary                             *
=========================================================================

Top Level Output File Name         : Top.ngc

Primitive and Black Box Usage:
------------------------------
# BELS                             : 160
#      AND2                        : 1
#      AND3                        : 11
#      AND4                        : 9
#      GND                         : 1
#      INV                         : 11
#      LUT1                        : 31
#      LUT2                        : 1
#      LUT3                        : 1
#      LUT4                        : 2
#      LUT5                        : 6
#      MUXCY                       : 36
#      OR2                         : 7
#      OR3                         : 3
#      OR4                         : 4
#      VCC                         : 1
#      XNOR2                       : 3
#      XORCY                       : 32
# FlipFlops/Latches                : 37
#      FD                          : 5
#      FDR                         : 32
# Clock Buffers                    : 1
#      BUFGP                       : 1
# IO Buffers                       : 12
#      OBUF                        : 12
# Logical                          : 3
#      NOR2                        : 1
#      NOR3                        : 1
#      NOR4                        : 1

Device utilization summary:
---------------------------

Selected Device : 7k160tffg676-1 


Slice Logic Utilization: 
 Number of Slice Registers:              37  out of  202800     0%  
 Number of Slice LUTs:                   52  out of  101400     0%  
    Number used as Logic:                52  out of  101400     0%  

Slice Logic Distribution: 
 Number of LUT Flip Flop pairs used:     56
   Number with an unused Flip Flop:      19  out of     56    33%  
   Number with an unused LUT:             4  out of     56     7%  
   Number of fully used LUT-FF pairs:    33  out of     56    58%  
   Number of unique control sets:         3

IO Utilization: 
 Number of IOs:                          14
 Number of bonded IOBs:                  13  out of    400     3%  

Specific Feature Utilization:
 Number of BUFG/BUFGCTRLs:                1  out of     32     3%  

---------------------------
Partition Resource Summary:
---------------------------

  No Partitions were found in this design.

---------------------------


=========================================================================
Timing Report

NOTE: THESE TIMING NUMBERS ARE ONLY A SYNTHESIS ESTIMATE.
      FOR ACCURATE TIMING INFORMATION PLEASE REFER TO THE TRACE REPORT
      GENERATED AFTER PLACE-and-ROUTE.

Clock Information:
------------------
-----------------------------------+------------------------+-------+
Clock Signal                       | Clock buffer(FF name)  | Load  |
-----------------------------------+------------------------+-------+
clk                                | BUFGP                  | 33    |
c1/clk_1s                          | NONE(c2/FD_D)          | 4     |
-----------------------------------+------------------------+-------+
INFO:Xst:2169 - HDL ADVISOR - Some clock signals were not automatically buffered by XST with BUFG/BUFR resources. Please use the buffer_type constraint in order to insert these buffers to the clock signals to help prevent skew problems.

Asynchronous Control Signals Information:
----------------------------------------
No asynchronous control signals found in this design

Timing Summary:
---------------
Speed Grade: -1

   Minimum period: 3.173ns (Maximum Frequency: 315.159MHz)
   Minimum input arrival time before clock: No path found
   Maximum output required time after clock: 3.974ns
   Maximum combinational path delay: No path found

Timing Details:
---------------
All values displayed in nanoseconds (ns)

=========================================================================
Timing constraint: Default period analysis for Clock 'clk'
  Clock period: 2.491ns (frequency: 401.485MHz)
  Total number of paths / destination ports: 1915 / 65
-------------------------------------------------------------------------
Delay:               2.491ns (Levels of Logic = 6)
  Source:            c1/cnt_8 (FF)
  Destination:       c1/cnt_0 (FF)
  Source Clock:      clk rising
  Destination Clock: clk rising

  Data Path: c1/cnt_8 to c1/cnt_0
                                Gate     Net
    Cell:in->out      fanout   Delay   Delay  Logical Name (Net Name)
    ----------------------------------------  ------------
     FDR:C->Q              3   0.282   0.739  c1/cnt_8 (c1/cnt_8)
     LUT5:I0->O            1   0.053   0.000  c1/Mcompar_cnt[31]_GND_2_o_LessThan_2_o_lut<0> (c1/Mcompar_cnt[31]_GND_2_o_LessThan_2_o_lut<0>)
     MUXCY:S->O            1   0.291   0.000  c1/Mcompar_cnt[31]_GND_2_o_LessThan_2_o_cy<0> (c1/Mcompar_cnt[31]_GND_2_o_LessThan_2_o_cy<0>)
     MUXCY:CI->O           1   0.015   0.000  c1/Mcompar_cnt[31]_GND_2_o_LessThan_2_o_cy<1> (c1/Mcompar_cnt[31]_GND_2_o_LessThan_2_o_cy<1>)
     MUXCY:CI->O           1   0.015   0.000  c1/Mcompar_cnt[31]_GND_2_o_LessThan_2_o_cy<2> (c1/Mcompar_cnt[31]_GND_2_o_LessThan_2_o_cy<2>)
     MUXCY:CI->O           1   0.015   0.000  c1/Mcompar_cnt[31]_GND_2_o_LessThan_2_o_cy<3> (c1/Mcompar_cnt[31]_GND_2_o_LessThan_2_o_cy<3>)
     MUXCY:CI->O          33   0.204   0.552  c1/Mcompar_cnt[31]_GND_2_o_LessThan_2_o_cy<4> (c1/Mcompar_cnt[31]_GND_2_o_LessThan_2_o_cy<4>)
     FDR:R                     0.325          c1/cnt_0
    ----------------------------------------
    Total                      2.491ns (1.200ns logic, 1.291ns route)
                                       (48.2% logic, 51.8% route)

=========================================================================
Timing constraint: Default period analysis for Clock 'c1/clk_1s'
  Clock period: 3.173ns (frequency: 315.159MHz)
  Total number of paths / destination ports: 10 / 4
-------------------------------------------------------------------------
Delay:               3.173ns (Levels of Logic = 3)
  Source:            c2/FD_A (FF)
  Destination:       c2/FD_D (FF)
  Source Clock:      c1/clk_1s rising
  Destination Clock: c1/clk_1s rising

  Data Path: c2/FD_A to c2/FD_D
                                Gate     Net
    Cell:in->out      fanout   Delay   Delay  Logical Name (Net Name)
    ----------------------------------------  ------------
     FD:C->Q              14   0.282   0.484  c2/FD_A (num<0>)
     INV:I->O              4   0.393   0.759  c2/nQa_L (c2/nQa)
     NOR2:I0->O            1   0.053   0.739  c2/Nor_nQa_nQb_L (c2/Nor_nQa_nQb)
     XNOR2:I0->O           1   0.053   0.399  c2/Dc_L (c2/Dc)
     FD:D                      0.011          c2/FD_C
    ----------------------------------------
    Total                      3.173ns (0.792ns logic, 2.381ns route)
                                       (25.0% logic, 75.0% route)

=========================================================================
Timing constraint: Default OFFSET OUT AFTER for Clock 'c1/clk_1s'
  Total number of paths / destination ports: 90 / 8
-------------------------------------------------------------------------
Offset:              3.974ns (Levels of Logic = 5)
  Source:            c2/FD_D (FF)
  Destination:       segment<3> (PAD)
  Source Clock:      c1/clk_1s rising

  Data Path: c2/FD_D to segment<3>
                                Gate     Net
    Cell:in->out      fanout   Delay   Delay  Logical Name (Net Name)
    ----------------------------------------  ------------
     FD:C->Q               9   0.282   0.452  c2/FD_D (num<3>)
     INV:I->O             11   0.393   0.668  c3/XLXI_44 (c3/XLXN_9)
     AND4:I3->O            2   0.190   0.608  c3/XLXI_1 (c3/XLXN_32)
     OR4:I3->O             1   0.190   0.725  c3/XLXI_55 (c3/XLXN_43)
     OR2:I1->O             1   0.067   0.399  c3/XLXI_63 (segment_0_OBUF)
     OBUF:I->O                 0.000          segment_0_OBUF (segment<0>)
    ----------------------------------------
    Total                      3.974ns (1.122ns logic, 2.852ns route)
                                       (28.2% logic, 71.8% route)

=========================================================================

Cross Clock Domains Report:
--------------------------

Clock to Setup on destination clock c1/clk_1s
---------------+---------+---------+---------+---------+
               | Src:Rise| Src:Fall| Src:Rise| Src:Fall|
Source Clock   |Dest:Rise|Dest:Rise|Dest:Fall|Dest:Fall|
---------------+---------+---------+---------+---------+
c1/clk_1s      |    3.173|         |         |         |
---------------+---------+---------+---------+---------+

Clock to Setup on destination clock clk
---------------+---------+---------+---------+---------+
               | Src:Rise| Src:Fall| Src:Rise| Src:Fall|
Source Clock   |Dest:Rise|Dest:Rise|Dest:Fall|Dest:Fall|
---------------+---------+---------+---------+---------+
clk            |    2.491|         |         |         |
---------------+---------+---------+---------+---------+

=========================================================================


Total REAL time to Xst completion: 8.00 secs
Total CPU time to Xst completion: 8.36 secs
 
--> 

Total memory usage is 4618028 kilobytes

Number of errors   :    0 (   0 filtered)
Number of warnings :    2 (   0 filtered)
Number of infos    :    2 (   0 filtered)

