Running: D:\Xilinx\14.7\ISE_DS\ISE\bin\nt64\unwrapped\fuse.exe -intstyle ise -incremental -lib unisims_ver -lib unimacro_ver -lib xilinxcorelib_ver -lib secureip -o F:/ISE/TopLab7/Mux4to1b4_sch_Mux4to1b4_sch_sch_tb_isim_beh.exe -prj F:/ISE/TopLab7/Mux4to1b4_sch_Mux4to1b4_sch_sch_tb_beh.prj work.Mux4to1b4_sch_Mux4to1b4_sch_sch_tb work.glbl 
ISim P.20131013 (signature 0x7708f090)
Number of CPUs detected in this system: 8
Turning on mult-threading, number of parallel sub-compilation jobs: 16 
Determining compilation order of HDL files
Analyzing Verilog file "F:/ISE/TopLab7/Mux4to1b4_sch.vf" into library work
Analyzing Verilog file "F:/ISE/TopLab7/Mux4to1b4_sim.v" into library work
Analyzing Verilog file "D:/Xilinx/14.7/ISE_DS/ISE//verilog/src/glbl.v" into library work
Starting static elaboration
Completed static elaboration
Compiling module INV
Compiling module AND2
Compiling module OR4
Compiling module Mux4to1b4_sch
Compiling module Mux4to1b4_sch_Mux4to1b4_sch_sch_...
Compiling module glbl
Time Resolution for simulation is 1ps.
Waiting for 1 sub-compilation(s) to finish...
WARNING:Simulator - Unable to copy libPortabilityNOSH.dll to the simulation executable directory: boost::filesystem::copy_file: 系统找不到指定的路径。, "isim\Mux4to1b4_sch_Mux4to1b4_sch_sch_tb_isim_beh.exe.sim\libPortability.dll".
Compiled 6 Verilog Units
Built simulation executable F:/ISE/TopLab7/Mux4to1b4_sch_Mux4to1b4_sch_sch_tb_isim_beh.exe
Fuse Memory Usage: 28012 KB
Fuse CPU Usage: 327 ms
